        -:    0:Source:comandos.c
        -:    0:Graph:comandos.gcno
        -:    0:Data:comandos.gcda
        -:    0:Runs:1
        -:    1:#include "comandos.h"
        -:    2:
function cmdLer called 7 returned 100% blocks executed 100%
        7:    3:bool cmdLer(char cmd, char *arg, Estado *e) {
        7:    4:    if (cmd != 'l') return false;
branch  0 taken 7 (fallthrough)
branch  1 taken 0
        -:    5:    
        7:    6:    if (arg == NULL) {
branch  0 taken 1 (fallthrough)
branch  1 taken 6
        1:    7:        printf("\nErro: o comando ler precisa de um argumento!\n");
call    0 returned 1
        1:    8:        e->deuAviso = true;
        1:    9:        return false; // erro
        -:   10:    }
        -:   11:
        -:   12:    // ficheiro é ponteiro para o tipo file (fopen retorna endereco)
        6:   13:    FILE *ficheiro = fopen(arg, "r");
call    0 returned 6
        6:   14:    if (ficheiro == NULL) {
branch  0 taken 1 (fallthrough)
branch  1 taken 5
        1:   15:        printf("\nErro: erro ao abrir '%s'.\n", arg);
call    0 returned 1
        1:   16:        e->deuAviso = true;
        1:   17:        return false; // erro
        -:   18:    }
        -:   19:    
        5:   20:    if (e->carregouTabuleiro == true) guardarEstado(e); // guarda o estado atual (antes de fazer a alteração)
branch  0 taken 1 (fallthrough)
branch  1 taken 4
call    2 returned 1
        -:   21:
        -:   22:    // armazena no estado -> linhas
        5:   23:    if (fscanf(ficheiro, "%d %d", &(e->linhas), &(e->colunas)) != 2) {
call    0 returned 5
branch  1 taken 1 (fallthrough)
branch  2 taken 4
        1:   24:        fclose(ficheiro);
call    0 returned 1
        1:   25:        e->deuAviso = true;
        1:   26:        printf("\nErro: Formato inválido no ficheiro.\n");
call    0 returned 1
        1:   27:        return false;
call    0 returned 1
        -:   28:    }
        -:   29:
        4:   30:    if (e->linhas <= 0 || e->colunas <= 0 || e->linhas > TMAX_MATRIZ || e->colunas > TMAX_MATRIZ) {
branch  0 taken 3 (fallthrough)
branch  1 taken 1
branch  2 taken 3 (fallthrough)
branch  3 taken 0
branch  4 taken 3 (fallthrough)
branch  5 taken 0
branch  6 taken 0 (fallthrough)
branch  7 taken 3
        1:   31:        printf("\nErro: As dimensões do tabuleiro são inválidas.\n");
call    0 returned 1
        1:   32:        e->deuAviso = true;
        1:   33:        fclose(ficheiro);
        1:   34:        return false;
call    0 returned 1
        -:   35:    }
        -:   36:
        3:   37:    while (fgetc(ficheiro) != '\n'); // retira os espaços e passa o "cursor" para depois do \n
call    0 returned 3
branch  1 taken 0
branch  2 taken 3 (fallthrough)
        -:   38:
        3:   39:    char linha[TMAX_MATRIZ + 2]; // adiciona espaço p/ \n e o \0
        6:   40:    for (int i = 0; i < e->linhas; i++) {
call    0 returned 3
branch  1 taken 5
branch  2 taken 1 (fallthrough)
        5:   41:        if (fgets(linha, sizeof(linha), ficheiro) == NULL) {
call    0 returned 5
branch  1 taken 1 (fallthrough)
branch  2 taken 4
        1:   42:            e->deuAviso = true;
        1:   43:            printf("\nErro ao ler a linha '%d'.\n", i+1);
call    0 returned 1
        1:   44:            fclose(ficheiro);
        1:   45:            return false;
call    0 returned 1
        -:   46:        }
        -:   47:        // remove o '\n' no final (strcspn retorna o indice do \n) p possibilitar futura comparacao
        4:   48:        linha[strcspn(linha, "\n")] = '\0';
        -:   49:
       11:   50:        for (int j = 0; j < e->colunas; j++) {
branch  0 taken 8
branch  1 taken 3 (fallthrough)
        8:   51:            if (linha[j] == '\0') {
branch  0 taken 1 (fallthrough)
branch  1 taken 7
        1:   52:                e->deuAviso = true;
        1:   53:                printf("\nErro: linha %d menor que o esperado.\n", i); // se introduziu uma dimensao e depois a linha era dif
call    0 returned 1
        1:   54:                fclose(ficheiro);
        1:   55:                return false;
call    0 returned 1
        -:   56:            }
        7:   57:            e->tabuleiro[i][j] = linha[j];
        -:   58:        }
        -:   59:    }
        -:   60:
        1:   61:    fclose(ficheiro);
call    0 returned 1
        1:   62:    if (e->printar == true) {
branch  0 taken 1 (fallthrough)
branch  1 taken 0
        1:   63:        printf("\nTabuleiro inicial %dx%d carregado:\n", e->linhas, e->colunas);
call    0 returned 1
        1:   64:        e->deuAviso = true;
        -:   65:    }
        -:   66:
        1:   67:    e->carregouTabuleiro = true;
        1:   68:    return true;
        -:   69:}
        -:   70:
function cmdGravar called 2 returned 100% blocks executed 100%
        2:   71:bool cmdGravar(char cmd, char *arg, Estado *e) {
        2:   72:    if (cmd != 'g') return false;
branch  0 taken 2 (fallthrough)
branch  1 taken 0
        2:   73:    if (arg == NULL) {
branch  0 taken 1 (fallthrough)
branch  1 taken 1
        1:   74:        printf("\nErro: o comando gravar precisa de um argumento!\n");
call    0 returned 1
        1:   75:        e->deuAviso = true;
        1:   76:        return false; // erro
        -:   77:    }
        -:   78:
        -:   79:    // ficheiro é ponteiro para o tipo file (fopen retorna endereco)
        1:   80:    FILE *ficheiro = fopen(arg, "w");
call    0 returned 1
        1:   81:    fprintf(ficheiro, "%d %d\n", e->linhas, e->colunas);
call    0 returned 1
        3:   82:    for (int i = 0; i < e->linhas; i++) {
call    0 returned 1
branch  1 taken 2
branch  2 taken 1 (fallthrough)
        6:   83:        for (int j = 0; j < e->colunas; j++) {
branch  0 taken 4
branch  1 taken 2 (fallthrough)
        4:   84:            fprintf(ficheiro, "%c", e->tabuleiro[i][j]);
call    0 returned 4
        -:   85:        }
        2:   86:        fprintf(ficheiro, "\n"); // a cada linha que escrever escreve o \n
call    0 returned 2
        -:   87:    }
        -:   88:
        1:   89:    fclose(ficheiro);
call    0 returned 1
        -:   90:
        1:   91:    if (e->printar == true) {
branch  0 taken 1 (fallthrough)
branch  1 taken 0
        1:   92:        printf("\nTabuleiro gravado em '%s'.\n", arg);
call    0 returned 1
        1:   93:        e->deuAviso = true;
        -:   94:    }
        -:   95:
        -:   96:    return true;
        -:   97:}
        -:   98:
function cmdSair called 2 returned 100% blocks executed 100%
        2:   99:bool cmdSair(char cmd, char *arg, Estado *e) {
        2:  100:    if (cmd == 's' && arg == NULL) {
branch  0 taken 1 (fallthrough)
branch  1 taken 1
        1:  101:        e->looping = false;
        1:  102:        return true; // comando foi reconhecido
        -:  103:    }
        -:  104:    return false; // comando não foi reconhecido
        -:  105:}
        -:  106:
        -:  107:
function cmdPintar called 6 returned 100% blocks executed 100%
        6:  108:bool cmdPintar(char cmd, char *arg, Estado *e) {
        6:  109:    if (cmd != 'b' || e->carregouTabuleiro == false) return false;
branch  0 taken 6 (fallthrough)
branch  1 taken 0
branch  2 taken 5 (fallthrough)
branch  3 taken 1
        -:  110:    
        5:  111:    int x;
call    0 returned 5
        5:  112:    char y;
call    0 returned 5
        5:  113:    if (sscanf(arg, "%c%d", &y, &x) != 2) return false;
branch  0 taken 5 (fallthrough)
branch  1 taken 0
        -:  114:
        5:  115:    int coluna = y - 'a'; // 'a' corresponde a 0, 'b' a 1 etc
        5:  116:    if (x >= 0 && x < e->linhas && coluna >= 0 && coluna < e->colunas) {
branch  0 taken 5 (fallthrough)
branch  1 taken 0
branch  2 taken 4 (fallthrough)
branch  3 taken 1
branch  4 taken 4 (fallthrough)
branch  5 taken 0
branch  6 taken 3 (fallthrough)
branch  7 taken 1
        -:  117:
        3:  118:        if (e->tabuleiro[x][coluna] == '#') {
branch  0 taken 1 (fallthrough)
branch  1 taken 2
        1:  119:            printf("\nErro: não é possível pintar uma célula já riscada.\n");
call    0 returned 1
        1:  120:            e->deuAviso = true;
        1:  121:            return false;
        -:  122:        }
        -:  123:
        2:  124:        if (e->tabuleiro[x][coluna] >= 'A' && e->tabuleiro[x][coluna] <= 'Z') {
branch  0 taken 1 (fallthrough)
branch  1 taken 1
        1:  125:            printf("\nErro: não é possível pintar uma célula já pintada.\n");
call    0 returned 1
        1:  126:            e->deuAviso = true;
        1:  127:            return false;
        -:  128:        }
        -:  129:
        1:  130:        if (e->guardarEstados == true) guardarEstado(e); // guarda o estado atual (antes de fazer a alteração)
branch  0 taken 1 (fallthrough)
branch  1 taken 0
call    2 returned 1
        1:  131:        e->tabuleiro[x][coluna] = toupper(e->tabuleiro[x][coluna]);
        1:  132:        return true;
        -:  133:    }
        -:  134:    return false;
        -:  135:}
        -:  136:
function cmdRiscar called 6 returned 100% blocks executed 100%
        6:  137:bool cmdRiscar(char cmd, char *arg, Estado *e) {
        6:  138:    if (cmd != 'r' || e->carregouTabuleiro == false) return false;
branch  0 taken 5 (fallthrough)
branch  1 taken 1
branch  2 taken 5 (fallthrough)
branch  3 taken 0
        -:  139:    
        5:  140:    int x;
call    0 returned 5
        5:  141:    char y;
call    0 returned 5
        5:  142:    if (sscanf(arg, "%c%d", &y, &x) != 2) return false;
branch  0 taken 5 (fallthrough)
branch  1 taken 0
        -:  143:    
        5:  144:    int coluna = y - 'a';
        5:  145:    if (x >= 0 && x < e->linhas && coluna >= 0 && coluna < e->colunas) {
branch  0 taken 5 (fallthrough)
branch  1 taken 0
branch  2 taken 4 (fallthrough)
branch  3 taken 1
branch  4 taken 4 (fallthrough)
branch  5 taken 0
branch  6 taken 3 (fallthrough)
branch  7 taken 1
        -:  146:
        3:  147:        if (e->tabuleiro[x][coluna] == '#') {
branch  0 taken 1 (fallthrough)
branch  1 taken 2
        1:  148:            printf("\nErro: não é possível riscar uma célula já riscada.\n");
call    0 returned 1
        1:  149:            e->deuAviso = true;
        1:  150:            return false;
        -:  151:        }
        -:  152:
        2:  153:        if (e->guardarEstados == true) guardarEstado(e); // guarda o estado atual (antes de fazer a alteração)
branch  0 taken 2 (fallthrough)
branch  1 taken 0
call    2 returned 2
        2:  154:        e->tabuleiro[x][coluna] = '#';
        2:  155:        return true;
        -:  156:    }
        -:  157:    return false;
        -:  158:}
        -:  159:
function cmdUndo called 9 returned 100% blocks executed 100%
        9:  160:bool cmdUndo(char cmd, char *arg, Estado *e) {
        9:  161:    if (cmd == 'd' && arg == NULL) {
branch  0 taken 9 (fallthrough)
branch  1 taken 0
        9:  162:        if (e->ultimoEstado == NULL) {
branch  0 taken 1 (fallthrough)
branch  1 taken 8
        1:  163:            printf("\nErro: não há comandos anteriores para desfazer.\n");
call    0 returned 1
        1:  164:            e->deuAviso = true;
        1:  165:            return false;
        -:  166:        }
        -:  167:        // fazer pop da stack (remove o que esta mais em cima (estado e))
        8:  168:        Estado *estadoAnterior = e->ultimoEstado; // pega o estado anterior
        8:  169:        memcpy(e, estadoAnterior, sizeof(Estado)); // restaura o estado anterior (duplica e copia)
        -:  170:
        8:  171:        free(estadoAnterior); // libera a memória do estado anterior
        8:  172:        return true;
        -:  173:    }
        -:  174:    return false;
        -:  175:}
        -:  176:
function casasPossiveisVisitar called 2580 returned 100% blocks executed 100%
     2580:  177:int casasPossiveisVisitar(Estado *e, int l, int c, int visitadas[e->linhas][e->colunas]) {
     2580:  178:    if (l < 0 || l >= e->linhas || c < 0 || c >= e->colunas || visitadas[l][c] == 1 || e->tabuleiro[l][c] == '#') return 0;
branch  0 taken 2363 (fallthrough)
branch  1 taken 217
branch  2 taken 2141 (fallthrough)
branch  3 taken 222
branch  4 taken 1911 (fallthrough)
branch  5 taken 230
branch  6 taken 1675 (fallthrough)
branch  7 taken 236
branch  8 taken 887 (fallthrough)
branch  9 taken 788
branch 10 taken 618 (fallthrough)
branch 11 taken 269
        -:  179:
      618:  180:    visitadas[l][c] = 1; // marca a casa como visitada
        -:  181:
      618:  182:    return (1 + casasPossiveisVisitar(e, l - 1, c, visitadas) + casasPossiveisVisitar(e, l + 1, c, visitadas) + casasPossiveisVisitar(e, l, c - 1, visitadas) + casasPossiveisVisitar(e, l, c + 1, visitadas));
call    0 returned 618
call    1 returned 618
call    2 returned 618
call    3 returned 618
        -:  183:}
        -:  184:
function cmdVerificarRestricoes called 64 returned 100% blocks executed 100%
       64:  185:bool cmdVerificarRestricoes(char cmd, char *arg, Estado *e) {
       64:  186:    if (cmd != 'v' || arg != NULL || e->carregouTabuleiro == false) return false;
branch  0 taken 64 (fallthrough)
branch  1 taken 0
branch  2 taken 64 (fallthrough)
branch  3 taken 0
        -:  187:
       64:  188:    e->temInfracoes = false; // reinicia a flag de infrações
        -:  189:
        -:  190:    // verificar letras brancas repetidas na mesma linha/coluna
      221:  191:    for (int i = 0; i < e->linhas; i++) {
branch  0 taken 157
branch  1 taken 64
      558:  192:        for (int j = 0; j < e->colunas; j++) {
branch  0 taken 401
branch  1 taken 157 (fallthrough)
      401:  193:            char celula = e->tabuleiro[i][j];
        -:  194:            
        -:  195:            // verificar apenas células brancas (letras maiúsculas)
      401:  196:            if (isupper(celula)) {
branch  0 taken 184 (fallthrough)
branch  1 taken 217
        -:  197:                // verificar mesma linha
      347:  198:                for (int k = j+1; k < e->colunas; k++) {
branch  0 taken 163
branch  1 taken 184 (fallthrough)
      163:  199:                    if (k != j && e->tabuleiro[i][k] == celula) {
branch  0 taken 163 (fallthrough)
branch  1 taken 0
branch  2 taken 10 (fallthrough)
branch  3 taken 153
       10:  200:                        if (e->printar == true) printf("\nInfração: '%c%d' e '%c%d' são ambas brancas.\n",'a'+j,i,'a'+k,i);
branch  0 taken 1 (fallthrough)
branch  1 taken 9
call    2 returned 1
       10:  201:                        e->temInfracoes = true;
        -:  202:                    }
        -:  203:                }
        -:  204:                // verificar mesma coluna
      353:  205:                for (int k = i+1; k < e->linhas; k++) {
branch  0 taken 169
branch  1 taken 184 (fallthrough)
      169:  206:                    if (k != i && e->tabuleiro[k][j] == celula) {
branch  0 taken 169 (fallthrough)
branch  1 taken 0
branch  2 taken 10 (fallthrough)
branch  3 taken 159
       10:  207:                        if (e->printar == true) printf("\nInfração: '%c%d' e '%c%d' são ambas brancas.\n",'a'+j,i,'a'+j,k);
branch  0 taken 1 (fallthrough)
branch  1 taken 9
call    2 returned 1
       10:  208:                        e->temInfracoes = true;
        -:  209:                    }
        -:  210:                }
        -:  211:            }
        -:  212:        }
        -:  213:    }
        -:  214:    
        -:  215:    // verificar celulas riscadas vizinhas ortogonal
      221:  216:    for (int i = 0; i < e->linhas; i++) {
branch  0 taken 157
branch  1 taken 64 (fallthrough)
      558:  217:        for (int j = 0; j < e->colunas; j++) {
branch  0 taken 401
branch  1 taken 157 (fallthrough)
      401:  218:            if (e->tabuleiro[i][j] == '#') {
branch  0 taken 53 (fallthrough)
branch  1 taken 348
        -:  219:                // verificar em baixo e a direita
       53:  220:                if (i < (e->linhas - 1) && e->tabuleiro[i+1][j] == '#') { // verifica em baixo
branch  0 taken 26 (fallthrough)
branch  1 taken 27
branch  2 taken 3 (fallthrough)
branch  3 taken 23
        3:  221:                    if (e->printar == true) printf("\nInfração: '%c%d' e '%c%d' são ambas riscadas.\n",'a'+j, i, 'a'+j, i+1);
branch  0 taken 1 (fallthrough)
branch  1 taken 2
call    2 returned 1
        3:  222:                    e->temInfracoes = true;
        -:  223:                }
       53:  224:                if (j < (e->colunas - 1) && e->tabuleiro[i][j+1] == '#') { // verifica a direita
branch  0 taken 38 (fallthrough)
branch  1 taken 15
branch  2 taken 1 (fallthrough)
branch  3 taken 37
        1:  225:                    if (e->printar == true) printf("\nInfração: '%c%d' e '%c%d' são ambas riscadas.\n",'a'+j, i, 'a'+j+1, i);
branch  0 taken 1 (fallthrough)
branch  1 taken 0
call    2 returned 1
        1:  226:                    e->temInfracoes = true;
        -:  227:                }
        -:  228:            }
        -:  229:        }
        -:  230:    }
        -:  231:    
        -:  232:    // verificar se todas as casas estão ligadas por um caminho ortogonal
       64:  233:    int contadorLetras = 0;
       64:  234:    int visitadas[e->linhas][e->colunas];
        -:  235:
      221:  236:    for (int i = 0; i < e->linhas; i++) {
branch  0 taken 157
branch  1 taken 64
      558:  237:        for (int j = 0; j < e->colunas; j++) {
branch  0 taken 401
branch  1 taken 157 (fallthrough)
      401:  238:            visitadas[i][j] = 0; // inicializa todas as casas como não visitadas
        -:  239:        }
        -:  240:    }
        -:  241:
        -:  242:    int linha = 0, coluna = 0;
      221:  243:    for (int i = 0; i < e->linhas; i++) {
branch  0 taken 157
branch  1 taken 64 (fallthrough)
      558:  244:        for (int j = 0; j < e->colunas; j++) {
branch  0 taken 401
branch  1 taken 157 (fallthrough)
      401:  245:            if (e->tabuleiro[i][j] != '#') {
branch  0 taken 348 (fallthrough)
branch  1 taken 53
      348:  246:                linha = i; coluna = j;
      348:  247:                contadorLetras++;
        -:  248:            }
        -:  249:        }
        -:  250:}
        -:  251:
       64:  252:    if (contadorLetras != casasPossiveisVisitar(e,linha,coluna,visitadas)) {
call    0 returned 64
branch  1 taken 1 (fallthrough)
branch  2 taken 63
        1:  253:        if (e->printar == true) {
branch  0 taken 1 (fallthrough)
branch  1 taken 0
        1:  254:            printf("\nInfração: não há um caminho entre todas as casas do tabuleiro.\n");
call    0 returned 1
        -:  255:        }
        1:  256:        e->temInfracoes = true;
        -:  257:    }
        -:  258:
       64:  259:    if (e->temInfracoes == false && e->printar == true) printf("\nNenhuma infração encontrada. Tabuleiro válido!\n");
branch  0 taken 39 (fallthrough)
branch  1 taken 25
branch  2 taken 1 (fallthrough)
branch  3 taken 38
call    4 returned 1
        -:  260:    return true;
        -:  261:}
        -:  262:
        -:  263:// pintar de branco uma casa quando seria impossível que esta fosse riscada por isolar casas brancas
function ajudaIsolada called 19 returned 100% blocks executed 100%
       19:  264:void ajudaIsolada (Estado *e) {
        -:  265:
       68:  266:    for (int i = 0; i < e->linhas; i++) {
branch  0 taken 49
branch  1 taken 19 (fallthrough)
      180:  267:        for (int j = 0; j < e->colunas; j++) {
branch  0 taken 131
branch  1 taken 49 (fallthrough)
      131:  268:            if (e->tabuleiro[i][j] >= 'a' && e->tabuleiro[i][j] <= 'z') { // se a casa for minuscula
branch  0 taken 44 (fallthrough)
branch  1 taken 87
       44:  269:                char charAntigo = e->tabuleiro[i][j]; // guarda a letra
       44:  270:                e->tabuleiro[i][j] = '#'; // converte para maiuscula
        -:  271:
       44:  272:                int visitadas[e->linhas][e->colunas];
      168:  273:                for (int i = 0; i < e->linhas; i++) {
branch  0 taken 124
branch  1 taken 44
      480:  274:                    for (int j = 0; j < e->colunas; j++) {
branch  0 taken 356
branch  1 taken 124 (fallthrough)
      356:  275:                        visitadas[i][j] = 0; // inicializa todas as casas como não visitadas
        -:  276:                    }
        -:  277:                }
        -:  278:
        -:  279:                int contadorLetras = 0;
        -:  280:                int linha = 0, coluna = 0;
      168:  281:                for (int i = 0; i < e->linhas; i++) {
branch  0 taken 124
branch  1 taken 44 (fallthrough)
      480:  282:                    for (int j = 0; j < e->colunas; j++) {
branch  0 taken 356
branch  1 taken 124 (fallthrough)
      356:  283:                        if (e->tabuleiro[i][j] != '#') { // se for uma letra
branch  0 taken 286 (fallthrough)
branch  1 taken 70
      286:  284:                            linha = i; coluna = j; // guarda a posição de uma letra para comparar depois
      286:  285:                            contadorLetras++;
        -:  286:                        }
        -:  287:                    }
        -:  288:                }
       44:  289:                if (contadorLetras != casasPossiveisVisitar(e,linha,coluna,visitadas)) {
call    0 returned 44
branch  1 taken 10 (fallthrough)
branch  2 taken 34
       10:  290:                    e->tabuleiro[i][j] = toupper(charAntigo); // letra tem que ser pintada de branco
        -:  291:                }
        -:  292:                else {
       34:  293:                    e->tabuleiro[i][j] = charAntigo; // volta a letra original
        -:  294:                }
        -:  295:            }
        -:  296:        }
        -:  297:    }
       19:  298:}
        -:  299:
function cmdAjudar called 26 returned 100% blocks executed 100%
       26:  300:bool cmdAjudar(char cmd, char *arg, Estado *e) {
       26:  301:    if (cmd == 'a' && arg == NULL && e->carregouTabuleiro == true) {
branch  0 taken 25 (fallthrough)
branch  1 taken 1
branch  2 taken 24 (fallthrough)
branch  3 taken 1
        -:  302:
       24:  303:        if (e->guardarEstados == true) guardarEstado(e); // guarda o estado atual (antes de fazer as alterações)
branch  0 taken 5 (fallthrough)
branch  1 taken 19
call    2 returned 5
        -:  304:
       24:  305:        bool ePrintarAntes = e->printar; // guarda o estado atual da flag
        -:  306:
        -:  307:        // se tiver infrações não ajuda porque pode piorar
       24:  308:        e->printar = false; // desativa a flag para não printar enquanto executar o cmd 'v'
       24:  309:        cmdVerificarRestricoes('v', NULL, e);
call    0 returned 24
       24:  310:        e->printar = ePrintarAntes;
        -:  311:
       24:  312:        if (e->temInfracoes == true){
branch  0 taken 5 (fallthrough)
branch  1 taken 19
        5:  313:            if (e->printar == true) printf("\nO tabuleiro apresenta infrações, logo não é possível ajudar.\n");
branch  0 taken 1 (fallthrough)
branch  1 taken 4
call    2 returned 1
        -:  314:            // desfaz o guardarEstado do inicio já que nada mudou (se este foi executado)
        5:  315:            if (e->guardarEstados == true) {
branch  0 taken 1 (fallthrough)
branch  1 taken 4
        1:  316:                cmdUndo('d', NULL, e);
call    0 returned 1
        -:  317:            }
        5:  318:            return true;
        -:  319:        }
        -:  320:
        -:  321:        // riscar todas as letras iguais a uma letra branca na mesma linha e/ou coluna
       68:  322:        for (int i = 0; i < e->linhas; i++) {
branch  0 taken 49
branch  1 taken 19
      180:  323:            for (int j = 0; j < e->colunas; j++) {
branch  0 taken 131
branch  1 taken 49 (fallthrough)
      131:  324:                if (e->tabuleiro[i][j] >= 'A' && e->tabuleiro[i][j] <= 'Z') { // Casa branca
branch  0 taken 44
branch  1 taken 87
        -:  325:                    char letra = e->tabuleiro[i][j];
        -:  326:
        -:  327:                    // percorrer a linha
      166:  328:                    for (int k = 0; k < e->colunas; k++) {
branch  0 taken 122
branch  1 taken 44
      122:  329:                        if (k != j && (e->tabuleiro[i][k] == letra || e->tabuleiro[i][k] == tolower(letra))) {
branch  0 taken 78 (fallthrough)
branch  1 taken 44
branch  2 taken 78 (fallthrough)
branch  3 taken 0
branch  4 taken 5 (fallthrough)
branch  5 taken 73
        5:  330:                            e->tabuleiro[i][k] = '#'; // riscar
        -:  331:                        }
        -:  332:                    }
        -:  333:
        -:  334:                    // percorrer a coluna
      166:  335:                    for (int k = 0; k < e->linhas; k++) {
branch  0 taken 122
branch  1 taken 44 (fallthrough)
      122:  336:                        if (k != i && (e->tabuleiro[k][j] == letra || e->tabuleiro[k][j] == tolower(letra))) {
branch  0 taken 78 (fallthrough)
branch  1 taken 44
branch  2 taken 78 (fallthrough)
branch  3 taken 0
branch  4 taken 5 (fallthrough)
branch  5 taken 73
        5:  337:                            e->tabuleiro[k][j] = '#'; // riscar
        -:  338:                        }
        -:  339:                    }
        -:  340:                }
        -:  341:            }
        -:  342:        }
        -:  343:
        -:  344:        // pintar de branco todas as letras que sao vizinhas de um #
       68:  345:        for (int i = 0; i < e->linhas; i++) {
branch  0 taken 49
branch  1 taken 19 (fallthrough)
      180:  346:            for (int j = 0; j < e->colunas; j++) {
branch  0 taken 131
branch  1 taken 49 (fallthrough)
      131:  347:                if (e->tabuleiro[i][j] == '#') { // casa riscada
branch  0 taken 22 (fallthrough)
branch  1 taken 109
       22:  348:                    if (i > 0 && e->tabuleiro[i-1][j] >= 'a' && e->tabuleiro[i-1][j] <= 'z') { // cima
branch  0 taken 12 (fallthrough)
branch  1 taken 10
branch  2 taken 3 (fallthrough)
branch  3 taken 9
branch  4 taken 3 (fallthrough)
branch  5 taken 0
        3:  349:                        e->tabuleiro[i-1][j] = toupper(e->tabuleiro[i-1][j]);
        -:  350:                    }
       22:  351:                    if (i < e->linhas - 1 && e->tabuleiro[i+1][j] >= 'a' && e->tabuleiro[i+1][j] <= 'z') { // baixo
branch  0 taken 10 (fallthrough)
branch  1 taken 12
branch  2 taken 5 (fallthrough)
branch  3 taken 5
branch  4 taken 5 (fallthrough)
branch  5 taken 0
        5:  352:                        e->tabuleiro[i+1][j] = toupper(e->tabuleiro[i+1][j]);
        -:  353:                    }
       22:  354:                    if (j > 0 && e->tabuleiro[i][j-1] >= 'a' && e->tabuleiro[i][j-1] <= 'z') { // esquerda
branch  0 taken 16 (fallthrough)
branch  1 taken 6
branch  2 taken 5 (fallthrough)
branch  3 taken 11
branch  4 taken 5 (fallthrough)
branch  5 taken 0
        5:  355:                        e->tabuleiro[i][j-1] = toupper(e->tabuleiro[i][j-1]);
        -:  356:                    }
       22:  357:                    if (j < e->colunas - 1 && e->tabuleiro[i][j+1] >= 'a' && e->tabuleiro[i][j+1] <= 'z') { // direita
branch  0 taken 14 (fallthrough)
branch  1 taken 8
branch  2 taken 8 (fallthrough)
branch  3 taken 6
branch  4 taken 8 (fallthrough)
branch  5 taken 0
        8:  358:                        e->tabuleiro[i][j+1] = toupper(e->tabuleiro[i][j+1]);
        -:  359:                    }
        -:  360:                }
        -:  361:            }
        -:  362:        }
        -:  363:
        -:  364:        // pinta de branco uma casa quando seria impossivel que esta fosse riscada
       19:  365:        ajudaIsolada(e);
call    0 returned 19
        -:  366:        
       19:  367:        if (e->guardarEstados == true) { // se o estado foi guardado no inicio verifica se houve alterações (se for chamado pelo 'A' não é necessário)
branch  0 taken 4 (fallthrough)
branch  1 taken 15
        -:  368:
        4:  369:            if (comparaTabuleiros(e, e->ultimoEstado) == false) { // se o tabuleiro foi alterado
call    0 returned 4
branch  1 taken 3 (fallthrough)
branch  2 taken 1
        3:  370:                e->printar = false;
        3:  371:                cmdVerificarRestricoes('v', NULL, e); // verifica se o tabuleiro continua válido
call    0 returned 3
        3:  372:                e->printar = ePrintarAntes; // restaura o estado da flag
        -:  373:                
        3:  374:                if (e->temInfracoes == true) { // se o tabuleiro ficou inválido
branch  0 taken 1 (fallthrough)
branch  1 taken 2
        1:  375:                    printf("\nNão é possível ajudar nestas condições!\n");
call    0 returned 1
        1:  376:                    cmdUndo('d', NULL, e); // volta para o tabuleiro inicial
call    0 returned 1
        -:  377:                }
        -:  378:
        -:  379:                else {
        2:  380:                    if (e->printar == true) printf("\nDicas aplicadas ao tabuleiro.\n");
branch  0 taken 2 (fallthrough)
branch  1 taken 0
call    2 returned 2
        -:  381:                }
        -:  382:            }
        -:  383:
        -:  384:            else {
        1:  385:                if (e->printar == true) printf("\nNenhuma dica encontrada.\n");
branch  0 taken 1 (fallthrough)
branch  1 taken 0
call    2 returned 1
        1:  386:                cmdUndo('d', NULL, e); // desfaz o guardarEstado do inicio já que nada mudou
call    0 returned 1
        -:  387:            }
        -:  388:
        -:  389:        }
        -:  390:
       19:  391:        return true;
        -:  392:    }
        -:  393:    return false;
        -:  394:}
        -:  395:
function cmdA called 14 returned 100% blocks executed 100%
       14:  396:bool cmdA (char cmd, char *arg, Estado *e) {
       14:  397:    if (cmd == 'A' && arg == NULL && e->carregouTabuleiro == true) {
branch  0 taken 13 (fallthrough)
branch  1 taken 1
branch  2 taken 12 (fallthrough)
branch  3 taken 1
        -:  398:
        -:  399:        // guarda estado se não tiver sido chamado pela função resolver
       12:  400:        if (e->guardarEstados == true) guardarEstado(e); // guarda o estado atual (antes de fazer a alteração)
branch  0 taken 3 (fallthrough)
branch  1 taken 9
call    2 returned 3
        -:  401:
       12:  402:        bool flagGuardarAntes = e->guardarEstados; // guarda o estado atual da flag
       12:  403:        bool flagPrintarAntes = e->printar;
        -:  404:
       12:  405:        e->guardarEstados = false; // ativa a flag para não guardar os estados enquanto executar o cmd 'a'
       12:  406:        e->printar = false;
        -:  407:
       12:  408:        Estado estadoAnterior;
call    0 returned 12
       12:  409:        memcpy(&estadoAnterior, e, sizeof(Estado)); // copia o estado atual para comparação posterior
        -:  410:
       12:  411:        bool flagContinuar = true; // flag para continuar a correr o loop
       12:  412:        bool houveMudancasInicio = false; // flag para verificar se houve mudanças no tabuleiro desde que o comando A foi chamado
        -:  413:
       12:  414:        while (flagContinuar == true) {
       19:  415:            cmdAjudar('a', NULL, e); // faz a ajuda
call    0 returned 19
        -:  416:
       19:  417:            if (comparaTabuleiros(e, &estadoAnterior)) { // se forem iguais
call    0 returned 19
branch  1 taken 11
branch  2 taken 8
        -:  418:                flagContinuar = false; // para o loop (n houve mudanças)
        -:  419:            }
        -:  420:
        -:  421:            else {
        -:  422:
        8:  423:                cmdVerificarRestricoes('v', NULL, e); // verifica se o tabuleiro continua válido
call    0 returned 8
        -:  424:
        8:  425:                if (e->temInfracoes == true && flagGuardarAntes == true) { // se o tabuleiro ficou inválido e o comando 'A' não foi chamado pelo 'R'
branch  0 taken 4 (fallthrough)
branch  1 taken 4
branch  2 taken 1 (fallthrough)
branch  3 taken 3
        1:  426:                    e->printar = flagPrintarAntes; // restaura o estado da flag
        1:  427:                    e->guardarEstados = flagGuardarAntes; // restaura o estado da flag
        -:  428:
        1:  429:                    if (e->printar == true) printf("\nNão é possível ajudar nestas condições!\n");
branch  0 taken 1 (fallthrough)
branch  1 taken 0
call    2 returned 1
        1:  430:                    cmdUndo('d', NULL, e); // volta para o tabuleiro inicial
        1:  431:                    return true;
call    0 returned 1
        -:  432:                }
        -:  433:
        -:  434:                // se o tabuleiro foi alterado e não tem infrações
        7:  435:                houveMudancasInicio = true;
        7:  436:                memcpy(&estadoAnterior, e, sizeof(Estado)); // atualiza o estado anterior
        -:  437:
        -:  438:            }
        -:  439:        }
        -:  440:
       11:  441:        if (houveMudancasInicio == false && flagGuardarAntes == true) {
branch  0 taken 1
branch  1 taken 10
        -:  442:            // se não houve mudancas e a flag de guardar estados estava ativa, desfaz o guardarEstado do inicio ja que nada mudou
        1:  443:            cmdUndo('d', NULL, e);
call    0 returned 1
        -:  444:        }
        -:  445:
       11:  446:        e->printar = flagPrintarAntes;
       11:  447:        if (e->printar == true && houveMudancasInicio == false) printf("\nNenhuma dica encontrada.\n");
branch  0 taken 2 (fallthrough)
branch  1 taken 9
branch  2 taken 1 (fallthrough)
branch  3 taken 1
call    4 returned 1
       11:  448:        if (e->printar == true && houveMudancasInicio == true) printf("\nO comando A foi executado com sucesso!\n");
branch  0 taken 2 (fallthrough)
branch  1 taken 9
branch  2 taken 1 (fallthrough)
branch  3 taken 1
call    4 returned 1
       11:  449:        e->guardarEstados = flagGuardarAntes; // restaura o estado da flag
       11:  450:        return true;
        -:  451:    }
        -:  452:    return false;
        -:  453:}
        -:  454:
function resolverTabuleiro called 9 returned 100% blocks executed 100%
        9:  455:int resolverTabuleiro(Estado *e) {
        -:  456:
        9:  457:    cmdA('A', NULL, e); // atualiza o tabuleiro com todas as dicas possiveis de deduzir
call    0 returned 9
        9:  458:    if (tabuleiroResolvido (e) == 1) return 1; // se esta resolvido retorna 1
call    0 returned 9
branch  1 taken 8 (fallthrough)
branch  2 taken 1
        8:  459:    if (tabuleiroResolvido (e) == 0) return 0; // se não pode ser resolvido retorna 0
call    0 returned 8
branch  1 taken 4
branch  2 taken 4
        -:  460:    
        -:  461:    // tem letras minusculas ainda
        -:  462:
        6:  463:        for (int i = 0; i < e->linhas; i++) {
branch  0 taken 6
branch  1 taken 0 (fallthrough)
       13:  464:            for (int j = 0; j < e->colunas; j++) {
branch  0 taken 11
branch  1 taken 2 (fallthrough)
       11:  465:                if (e->tabuleiro[i][j] >= 'a' && e->tabuleiro[i][j] <= 'z') { // se a casa for minuscula
branch  0 taken 4 (fallthrough)
branch  1 taken 7
        -:  466:
        -:  467:                    // backup do estado
        4:  468:                    Estado estadoBackup;
call    0 returned 4
        4:  469:                    memcpy(&estadoBackup, e, sizeof(Estado)); // copia o estado de agora com o char pintado para salvar como backup
call    0 returned 4
        -:  470:
        -:  471:                    // tenta pintar
        4:  472:                    e->tabuleiro[i][j] = toupper(e->tabuleiro[i][j]);
        4:  473:                    int resultado = resolverTabuleiro(e);
call    0 returned 4
        4:  474:                    if (resultado == 1) return 1;
branch  0 taken 2 (fallthrough)
branch  1 taken 2
        -:  475:
        -:  476:                    // volta ao estado anterior
        2:  477:                    memcpy(e, &estadoBackup, sizeof(Estado));
call    0 returned 2
        -:  478:
        -:  479:                    // tenta riscar
        2:  480:                    e->tabuleiro[i][j] = '#';
        2:  481:                    e->temInfracoes = false; // reseta flag
        2:  482:                    resultado = resolverTabuleiro(e);
call    0 returned 2
        2:  483:                    if (resultado == 1) return 1;
branch  0 taken 1 (fallthrough)
branch  1 taken 1
        -:  484:
        -:  485:                    // volta ao estado original de novo
        1:  486:                    memcpy(e, &estadoBackup, sizeof(Estado));
        -:  487:
        1:  488:                    return 0;
        -:  489:                }
        -:  490:            }
        -:  491:        }
        -:  492:
        -:  493:    return 0;
        -:  494:}
        -:  495:
function cmdResolver called 6 returned 100% blocks executed 100%
        6:  496:bool cmdResolver(char cmd, char *arg, Estado *e) {
        6:  497:    if (cmd == 'R' && arg == NULL && e->carregouTabuleiro == true) {
branch  0 taken 5 (fallthrough)
branch  1 taken 1
branch  2 taken 4 (fallthrough)
branch  3 taken 1
        -:  498:
        4:  499:        if (tabuleiroResolvido(e) == 1) { // se o tabuleiro já estiver resolvido
call    0 returned 4
branch  1 taken 1 (fallthrough)
branch  2 taken 3
        1:  500:            printf("\nO tabuleiro já está resolvido!\n");
call    0 returned 1
        1:  501:            return true;
call    0 returned 1
        -:  502:        }
        -:  503:
        -:  504:        // guarda o estado atual antes de começar a resolver
        3:  505:        guardarEstado(e);
call    0 returned 3
        -:  506:
        3:  507:        e->guardarEstados = false; // ativa a flag para não guardar os estados enquanto executar os cmds
        3:  508:        e->printar = false; // desativa a flag de printar
        -:  509:
        3:  510:        int resultado = resolverTabuleiro(e); // chama a função para resolver o tabuleiro
call    0 returned 3
        -:  511:
        3:  512:        e->guardarEstados = true; // reativa a flag de guardar estados
        3:  513:        e->printar = true; // reativa a flag de printar
        -:  514:
        3:  515:        if (resultado == 0) { // se não pode ser resolvido
branch  0 taken 2 (fallthrough)
branch  1 taken 1
        2:  516:            printf("\nAviso: O tabuleiro não pode ser resolvido.\n");
call    0 returned 2
        2:  517:            cmdUndo('d', NULL, e); // volta ao estado anterior
        2:  518:            return true;
call    0 returned 2
        -:  519:        }
        -:  520:        else {
        1:  521:            printf("\nO tabuleiro está resolvido!\n");
call    0 returned 1
        -:  522:        }
        -:  523:
        1:  524:        return true;
call    0 returned 1
        -:  525:    }
        -:  526:    return false;
        -:  527:}
        -:  528:
function cmdHelp called 2 returned 100% blocks executed 100%
        2:  529:bool cmdHelp(char cmd, char *arg, Estado *e) {
        2:  530:    (void)e; // p/ n dar warning de variavel não utilizada
        2:  531:    if (cmd == 'h' && arg == NULL) {
branch  0 taken 1 (fallthrough)
branch  1 taken 1
        1:  532:        printf("\nComandos disponíveis:\n");
call    0 returned 1
        1:  533:        printf("l [ficheiro] - Carregar tabuleiro\n");
call    0 returned 1
        1:  534:        printf("g [ficheiro] - Gravar tabuleiro\n");
call    0 returned 1
        1:  535:        printf("b [coluna][linha] - Pintar célula\n");
call    0 returned 1
        1:  536:        printf("r [coluna][linha] - Riscar célula\n");
call    0 returned 1
        1:  537:        printf("d - Desfazer a última ação\n");
call    0 returned 1
        1:  538:        printf("v - Verificar se há infrações no tabuleiro\n");
call    0 returned 1
        1:  539:        printf("a - Aplicar dicas ao tabuleiro\n");
call    0 returned 1
        1:  540:        printf("A - Aplicar dicas ao tabuleiro até não haver mais alterações\n");
call    0 returned 1
        1:  541:        printf("R - Resolver o tabuleiro\n");
call    0 returned 1
        1:  542:        printf("h - Mostrar ajuda\n");
call    0 returned 1
        1:  543:        printf("s - Sair do programa\n");
call    0 returned 1
        1:  544:        return true;
call    0 returned 1
        -:  545:    }
        -:  546:    return false;
        -:  547:}
        -:  548:
function cmdStatus called 4 returned 100% blocks executed 100%
        4:  549:bool cmdStatus(char cmd, char *arg, Estado *e) {
        4:  550:    if (cmd != 'S' || arg != NULL || e->carregouTabuleiro == false) return false;
branch  0 taken 2 (fallthrough)
branch  1 taken 2
branch  2 taken 2
branch  3 taken 0
        -:  551:
        -:  552:    int brancas = 0, riscadas = 0, minusculas = 0;
        6:  553:    for (int i = 0; i < e->linhas; i++) {
branch  0 taken 4
branch  1 taken 2 (fallthrough)
       12:  554:        for (int j = 0; j < e->colunas; j++) {
branch  0 taken 8
branch  1 taken 4 (fallthrough)
        8:  555:            char c = e->tabuleiro[i][j];
        8:  556:            if (c == '#') riscadas++;
branch  0 taken 3 (fallthrough)
branch  1 taken 5
        5:  557:            else if (isupper(c)) brancas++;
branch  0 taken 4 (fallthrough)
branch  1 taken 1
        1:  558:            else if (islower(c)) minusculas++;
branch  0 taken 1 (fallthrough)
branch  1 taken 0
        -:  559:        }
        -:  560:    }
        2:  561:    e->printar = false;
        2:  562:    cmdVerificarRestricoes('v', NULL, e); // verifica se o tabuleiro está válido
call    0 returned 2
        2:  563:    e->printar = true;
        -:  564:
        2:  565:    int total = e->linhas * e->colunas;
        2:  566:    printf("\nEstatísticas do tabuleiro:\n");
call    0 returned 2
        2:  567:    printf("  - Casas pintadas (brancas): %d\n", brancas);
call    0 returned 2
        2:  568:    printf("  - Casas riscadas (\"#\"):     %d\n", riscadas);
call    0 returned 2
        2:  569:    printf("  - Casas restantes:          %d\n", minusculas);
call    0 returned 2
        2:  570:    if (e->temInfracoes == false) printf("  - Progresso:               %.1f%%\n", 100.0 * (brancas + riscadas) / total);
branch  0 taken 1 (fallthrough)
branch  1 taken 1
call    2 returned 1
        1:  571:    else printf("  - Progresso: 0.0%% - há infraçoes\n");
call    0 returned 1
        -:  572:    return true;
        -:  573:}
